<?xml version="1.0" encoding="UTF-8"?>
<testng-results ignored="0" total="8" passed="8" failed="0" skipped="0">
  <reporter-output>
  </reporter-output>
  <suite started-at="2024-04-18T06:57:33 IST" name="Suite" finished-at="2024-04-18T06:57:34 IST" duration-ms="450">
    <groups>
    </groups>
    <test started-at="2024-04-18T06:57:33 IST" name="Test1" finished-at="2024-04-18T06:57:34 IST" duration-ms="146">
      <class name="Session02.Class03">
        <test-method signature="test06()[pri:0, instance:Session02.Class03@6e20b53a]" started-at="2024-04-18T06:57:33 IST" name="test06" finished-at="2024-04-18T06:57:33 IST" duration-ms="22" status="PASS">
          <reporter-output>
          </reporter-output>
        </test-method> <!-- test06 -->
        <test-method signature="test07()[pri:0, instance:Session02.Class03@6e20b53a]" started-at="2024-04-18T06:57:33 IST" name="test07" finished-at="2024-04-18T06:57:33 IST" duration-ms="3" status="PASS">
          <reporter-output>
          </reporter-output>
        </test-method> <!-- test07 -->
        <test-method signature="test08(int,int)[pri:0, instance:Session02.Class03@6e20b53a]" started-at="2024-04-18T06:57:33 IST" name="test08" finished-at="2024-04-18T06:57:33 IST" duration-ms="14" status="PASS">
          <params>
            <param index="0">
              <value>
                <![CDATA[5]]>
              </value>
            </param>
            <param index="1">
              <value>
                <![CDATA[3]]>
              </value>
            </param>
          </params>
          <reporter-output>
          </reporter-output>
        </test-method> <!-- test08 -->
      </class> <!-- Session02.Class03 -->
    </test> <!-- Test1 -->
    <test started-at="2024-04-18T06:57:34 IST" name="Test2" finished-at="2024-04-18T06:57:34 IST" duration-ms="118">
      <class name="Session01.Class02">
        <test-method signature="test04()[pri:0, instance:Session01.Class02@38d8f54a]" started-at="2024-04-18T06:57:34 IST" name="test04" finished-at="2024-04-18T06:57:34 IST" duration-ms="10" status="PASS">
          <reporter-output>
          </reporter-output>
        </test-method> <!-- test04 -->
        <test-method signature="test05()[pri:0, instance:Session01.Class02@38d8f54a]" started-at="2024-04-18T06:57:34 IST" name="test05" finished-at="2024-04-18T06:57:34 IST" duration-ms="5" status="PASS">
          <reporter-output>
          </reporter-output>
        </test-method> <!-- test05 -->
      </class> <!-- Session01.Class02 -->
      <class name="Session01.Class01">
        <test-method signature="test01()[pri:0, instance:Session01.Class01@409bf450]" started-at="2024-04-18T06:57:34 IST" name="test01" finished-at="2024-04-18T06:57:34 IST" duration-ms="8" status="PASS">
          <reporter-output>
          </reporter-output>
        </test-method> <!-- test01 -->
        <test-method signature="test02()[pri:0, instance:Session01.Class01@409bf450]" started-at="2024-04-18T06:57:34 IST" name="test02" finished-at="2024-04-18T06:57:34 IST" duration-ms="14" status="PASS">
          <reporter-output>
          </reporter-output>
        </test-method> <!-- test02 -->
        <test-method signature="test03()[pri:0, instance:Session01.Class01@409bf450]" started-at="2024-04-18T06:57:34 IST" name="test03" finished-at="2024-04-18T06:57:34 IST" duration-ms="8" status="PASS">
          <reporter-output>
          </reporter-output>
        </test-method> <!-- test03 -->
      </class> <!-- Session01.Class01 -->
    </test> <!-- Test2 -->
  </suite> <!-- Suite -->
</testng-results>
