<?xml version="1.0" encoding="UTF-8"?>
<!-- Generated by org.testng.reporters.JUnitXMLReporter -->
<testsuite ignored="2" hostname="DESKTOP-0G25IHN" failures="0" tests="1" name="Default test" time="4.546" errors="0" timestamp="2024-05-01T21:57:04 IST">
  <testcase classname="Session03.Test01_GetMethod" name="test02" time="4.475"/>
  <testcase classname="Session03.Test01_GetMethod" name="test01" time="0.0">
    <ignored/>
  </testcase> <!-- test01 -->
  <testcase classname="Session03.Test01_GetMethod" name="test04" time="0.0">
    <ignored/>
  </testcase> <!-- test04 -->
</testsuite> <!-- Default test -->
