<?xml version="1.0" encoding="UTF-8"?>
<!-- Generated by org.testng.reporters.JUnitXMLReporter -->
<testsuite ignored="0" hostname="DESKTOP-0G25IHN" failures="0" tests="5" name="Test2" time="0.118" errors="0" timestamp="2024-04-18T06:57:34 IST">
  <testcase classname="Session01.Class01" name="test01" time="0.008"/>
  <testcase classname="Session01.Class01" name="test02" time="0.014"/>
  <testcase classname="Session01.Class01" name="test03" time="0.008"/>
  <testcase classname="Session01.Class02" name="test04" time="0.01"/>
  <testcase classname="Session01.Class02" name="test05" time="0.005"/>
</testsuite> <!-- Test2 -->
