<?xml version="1.0" encoding="UTF-8"?>
<!-- Generated by org.testng.reporters.JUnitXMLReporter -->
<testsuite ignored="5" hostname="DESKTOP-0G25IHN" failures="0" tests="2" name="Test" time="0.102" errors="0" timestamp="2024-04-18T06:47:28 IST">
  <testcase classname="Session02.Class03" name="test08" time="0.018"/>
  <testcase classname="Session01.Class01" name="test01" time="0.003"/>
  <testcase classname="Session02.Class03" name="test07" time="0.0">
    <ignored/>
  </testcase> <!-- test07 -->
  <testcase classname="Session02.Class03" name="test06" time="0.0">
    <ignored/>
  </testcase> <!-- test06 -->
  <testcase classname="Session01.Class01" name="test02" time="0.0">
    <ignored/>
  </testcase> <!-- test02 -->
  <testcase classname="Session01.Class01" name="test03" time="0.0">
    <ignored/>
  </testcase> <!-- test03 -->
  <testcase classname="Session01.Class02" name="test05" time="0.0">
    <ignored/>
  </testcase> <!-- test05 -->
</testsuite> <!-- Test -->
