<?xml version="1.0" encoding="UTF-8"?>
<testng-results ignored="2" total="3" passed="1" failed="0" skipped="0">
  <reporter-output>
  </reporter-output>
  <suite started-at="2024-05-01T21:57:00 IST" name="Default suite" finished-at="2024-05-01T21:57:04 IST" duration-ms="4546">
    <groups>
    </groups>
    <test started-at="2024-05-01T21:57:00 IST" name="Default test" finished-at="2024-05-01T21:57:04 IST" duration-ms="4546">
      <class name="Session03.Test01_GetMethod">
        <test-method signature="test02()[pri:0, instance:Session03.Test01_GetMethod@7fa98a66]" started-at="2024-05-01T21:57:00 IST" name="test02" finished-at="2024-05-01T21:57:04 IST" duration-ms="4475" status="PASS">
          <reporter-output>
          </reporter-output>
        </test-method> <!-- test02 -->
      </class> <!-- Session03.Test01_GetMethod -->
    </test> <!-- Default test -->
  </suite> <!-- Default suite -->
</testng-results>
